<?xml version="1.0" encoding="UTF-8"?>
<testng-results ignored="0" total="1" passed="1" failed="0" skipped="0">
  <reporter-output>
    <line>
      <![CDATA[openBrowser]]>
    </line>
    <line>
      <![CDATA[login]]>
    </line>
    <line>
      <![CDATA[Create Customer]]>
    </line>
    <line>
      <![CDATA[logOut]]>
    </line>
    <line>
      <![CDATA[closeBrowser]]>
    </line>
  </reporter-output>
  <suite started-at="2023-06-02T20:27:00 IST" name="Default suite" finished-at="2023-06-02T20:28:52 IST" duration-ms="111738">
    <groups>
    </groups>
    <test started-at="2023-06-02T20:27:00 IST" name="Default test" finished-at="2023-06-02T20:28:52 IST" duration-ms="111738">
      <class name="com.actitime.testscript.CustomerModule">
        <test-method is-config="true" signature="openBrowser()[pri:0, instance:com.actitime.testscript.CustomerModule@708f5957]" started-at="2023-06-02T20:27:00 IST" name="openBrowser" finished-at="2023-06-02T20:27:02 IST" duration-ms="1827" status="PASS">
          <reporter-output>
            <line>
              <![CDATA[openBrowser]]>
            </line>
          </reporter-output>
        </test-method> <!-- openBrowser -->
        <test-method is-config="true" signature="login()[pri:0, instance:com.actitime.testscript.CustomerModule@708f5957]" started-at="2023-06-02T20:27:02 IST" name="login" finished-at="2023-06-02T20:27:58 IST" duration-ms="55838" status="PASS">
          <reporter-output>
            <line>
              <![CDATA[login]]>
            </line>
          </reporter-output>
        </test-method> <!-- login -->
        <test-method signature="testCreateCustomer()[pri:0, instance:com.actitime.testscript.CustomerModule@708f5957]" started-at="2023-06-02T20:27:58 IST" name="testCreateCustomer" finished-at="2023-06-02T20:28:48 IST" duration-ms="49592" status="PASS">
          <reporter-output>
            <line>
              <![CDATA[Create Customer]]>
            </line>
          </reporter-output>
        </test-method> <!-- testCreateCustomer -->
        <test-method is-config="true" signature="logOut()[pri:0, instance:com.actitime.testscript.CustomerModule@708f5957]" started-at="2023-06-02T20:28:48 IST" name="logOut" finished-at="2023-06-02T20:28:52 IST" duration-ms="4195" status="PASS">
          <reporter-output>
            <line>
              <![CDATA[logOut]]>
            </line>
          </reporter-output>
        </test-method> <!-- logOut -->
        <test-method is-config="true" signature="closeBrowser()[pri:0, instance:com.actitime.testscript.CustomerModule@708f5957]" started-at="2023-06-02T20:28:52 IST" name="closeBrowser" finished-at="2023-06-02T20:28:52 IST" duration-ms="218" status="PASS">
          <reporter-output>
            <line>
              <![CDATA[closeBrowser]]>
            </line>
          </reporter-output>
        </test-method> <!-- closeBrowser -->
      </class> <!-- com.actitime.testscript.CustomerModule -->
    </test> <!-- Default test -->
  </suite> <!-- Default suite -->
</testng-results>
